C:\DEV\Git\project\hoang\hoang\assets\js\global.js
C:\DEV\Git\project\hoang\hoang\assets\js\global.js.map
C:\DEV\Git\project\hoang\hoang\app\models\model_bottom.js
C:\DEV\Git\project\hoang\hoang\app\models\model_bottom.js.map
C:\DEV\Git\project\hoang\hoang\app\models\model_login.js
C:\DEV\Git\project\hoang\hoang\app\models\model_login.js.map
C:\DEV\Git\project\hoang\hoang\app\models\model_home.js
C:\DEV\Git\project\hoang\hoang\app\models\model_home.js.map
C:\DEV\Git\project\hoang\hoang\app\models\model_new.js
C:\DEV\Git\project\hoang\hoang\app\models\model_new.js.map
C:\DEV\Git\project\hoang\hoang\app\models\model_playlist.js
C:\DEV\Git\project\hoang\hoang\app\models\model_playlist.js.map
C:\DEV\Git\project\hoang\hoang\app\models\model_profile.js
C:\DEV\Git\project\hoang\hoang\app\models\model_profile.js.map
C:\DEV\Git\project\hoang\hoang\app\models\model_shell.js
C:\DEV\Git\project\hoang\hoang\app\models\model_shell.js.map
C:\DEV\Git\project\hoang\hoang\app\models\model_singer.js
C:\DEV\Git\project\hoang\hoang\app\models\model_singer.js.map
C:\DEV\Git\project\hoang\hoang\app\viewmodels\bottom.js
C:\DEV\Git\project\hoang\hoang\app\viewmodels\bottom.js.map
C:\DEV\Git\project\hoang\hoang\app\viewmodels\header.js
C:\DEV\Git\project\hoang\hoang\app\viewmodels\header.js.map
C:\DEV\Git\project\hoang\hoang\app\viewmodels\home.js
C:\DEV\Git\project\hoang\hoang\app\viewmodels\home.js.map
C:\DEV\Git\project\hoang\hoang\app\viewmodels\login.js
C:\DEV\Git\project\hoang\hoang\app\viewmodels\login.js.map
C:\DEV\Git\project\hoang\hoang\app\viewmodels\menu.js
C:\DEV\Git\project\hoang\hoang\app\viewmodels\menu.js.map
C:\DEV\Git\project\hoang\hoang\app\viewmodels\new.js
C:\DEV\Git\project\hoang\hoang\app\viewmodels\new.js.map
C:\DEV\Git\project\hoang\hoang\app\viewmodels\playlist.js
C:\DEV\Git\project\hoang\hoang\app\viewmodels\playlist.js.map
C:\DEV\Git\project\hoang\hoang\app\viewmodels\profile.js
C:\DEV\Git\project\hoang\hoang\app\viewmodels\profile.js.map
C:\DEV\Git\project\hoang\hoang\app\viewmodels\shell.js
C:\DEV\Git\project\hoang\hoang\app\viewmodels\shell.js.map
C:\DEV\Git\project\hoang\hoang\app\viewmodels\singer.js
C:\DEV\Git\project\hoang\hoang\app\viewmodels\singer.js.map
